<?xml version="1.0" encoding="UTF-8"?>
<testng-results skipped="0" failed="1" total="1" passed="0">
  <reporter-output>
  </reporter-output>
  <suite name="Default suite" duration-ms="59183" started-at="2017-02-07T13:12:25Z" finished-at="2017-02-07T13:13:24Z">
    <groups>
    </groups>
    <test name="Default test" duration-ms="59183" started-at="2017-02-07T13:12:25Z" finished-at="2017-02-07T13:13:24Z">
      <class name="com.yahoo.ycem.tests.helpcentral.HelpCentralTest">
        <test-method status="PASS" signature="before()[pri:0, instance:com.yahoo.ycem.tests.helpcentral.HelpCentralTest@1e46e8f]" name="before" is-config="true" duration-ms="54275" started-at="2017-02-07T05:12:25Z" finished-at="2017-02-07T05:13:19Z">
          <reporter-output>
          </reporter-output>
        </test-method> <!-- before -->
        <test-method status="FAIL" signature="helpcentralTitleTest()[pri:0, instance:com.yahoo.ycem.tests.helpcentral.HelpCentralTest@1e46e8f]" name="helpcentralTitleTest" duration-ms="803" started-at="2017-02-07T05:13:19Z" finished-at="2017-02-07T05:13:20Z">
          <exception class="java.lang.RuntimeException">
            <message>
              <![CDATA[Failed to open the url on browser: java.lang.NullPointerException: null value in entry: url=null]]>
            </message>
            <full-stacktrace>
              <![CDATA[java.lang.RuntimeException: Failed to open the url on browser: java.lang.NullPointerException: null value in entry: url=null
	at com.yahoo.ycem.tests.pages.BasePage.load(BasePage.java:86)
	at com.yahoo.ycem.tests.pages.BasePage.<init>(BasePage.java:46)
	at com.yahoo.ycem.tests.pages.helpcentral.HelpCentralPage.<init>(HelpCentralPage.java:108)
	at com.yahoo.ycem.tests.helpcentral.HelpCentralTest.helpcentralTitleTest(HelpCentralTest.java:33)
	at sun.reflect.NativeMethodAccessorImpl.invoke0(Native Method)
	at sun.reflect.NativeMethodAccessorImpl.invoke(NativeMethodAccessorImpl.java:62)
	at sun.reflect.DelegatingMethodAccessorImpl.invoke(DelegatingMethodAccessorImpl.java:43)
	at java.lang.reflect.Method.invoke(Method.java:498)
	at org.testng.internal.MethodInvocationHelper.invokeMethod(MethodInvocationHelper.java:84)
	at org.testng.internal.Invoker.invokeMethod(Invoker.java:714)
	at org.testng.internal.Invoker.invokeTestMethod(Invoker.java:901)
	at org.testng.internal.Invoker.invokeTestMethods(Invoker.java:1231)
	at org.testng.internal.TestMethodWorker.invokeTestMethods(TestMethodWorker.java:127)
	at org.testng.internal.TestMethodWorker.run(TestMethodWorker.java:111)
	at org.testng.TestRunner.privateRun(TestRunner.java:767)
	at org.testng.TestRunner.run(TestRunner.java:617)
	at org.testng.SuiteRunner.runTest(SuiteRunner.java:335)
	at org.testng.SuiteRunner.runSequentially(SuiteRunner.java:330)
	at org.testng.SuiteRunner.privateRun(SuiteRunner.java:291)
	at org.testng.SuiteRunner.run(SuiteRunner.java:240)
	at org.testng.SuiteRunnerWorker.runSuite(SuiteRunnerWorker.java:52)
	at org.testng.SuiteRunnerWorker.run(SuiteRunnerWorker.java:86)
	at org.testng.TestNG.runSuitesSequentially(TestNG.java:1224)
	at org.testng.TestNG.runSuitesLocally(TestNG.java:1149)
	at org.testng.TestNG.run(TestNG.java:1057)
	at org.testng.remote.RemoteTestNG.run(RemoteTestNG.java:111)
	at org.testng.remote.RemoteTestNG.initAndRun(RemoteTestNG.java:204)
	at org.testng.remote.RemoteTestNG.main(RemoteTestNG.java:175)
]]>
            </full-stacktrace>
          </exception> <!-- java.lang.RuntimeException -->
          <reporter-output>
          </reporter-output>
        </test-method> <!-- helpcentralTitleTest -->
        <test-method status="PASS" signature="after()[pri:0, instance:com.yahoo.ycem.tests.helpcentral.HelpCentralTest@1e46e8f]" name="after" is-config="true" duration-ms="4037" started-at="2017-02-07T05:13:20Z" finished-at="2017-02-07T05:13:24Z">
          <reporter-output>
          </reporter-output>
        </test-method> <!-- after -->
        <test-method status="PASS" signature="stopChromeServiceIfBrowserIsChrome()[pri:0, instance:com.yahoo.ycem.tests.helpcentral.HelpCentralTest@1e46e8f]" name="stopChromeServiceIfBrowserIsChrome" is-config="true" duration-ms="0" started-at="2017-02-07T05:13:24Z" finished-at="2017-02-07T05:13:24Z">
          <reporter-output>
          </reporter-output>
        </test-method> <!-- stopChromeServiceIfBrowserIsChrome -->
      </class> <!-- com.yahoo.ycem.tests.helpcentral.HelpCentralTest -->
    </test> <!-- Default test -->
  </suite> <!-- Default suite -->
</testng-results>
